<?xml version="1.0" encoding="UTF-8"?>
<!-- Generated by org.testng.reporters.JUnitReportReporter -->
<testsuite skipped="0" hostname="LAPTOP-G95SK00N" name="files.DynamicJson" tests="3" failures="0" timestamp="2021-05-12T15:23:20 IST" time="6.646" errors="0">
  <testcase name="addBook" time="5.370" classname="files.DynamicJson"/>
  <system-out/>
  <testcase name="addBook" time="0.930" classname="files.DynamicJson"/>
  <system-out/>
  <testcase name="addBook" time="0.346" classname="files.DynamicJson"/>
  <system-out/>
</testsuite> <!-- files.DynamicJson -->
